<?xml version="1.0" encoding="UTF-8"?>
<<<<<<< HEAD
<testsuite xmlns:xsi="http://www.w3.org/2001/XMLSchema-instance" xsi:noNamespaceSchemaLocation="https://maven.apache.org/surefire/maven-surefire-plugin/xsd/surefire-test-report.xsd" name="org.powertac.samplebroker.PortfolioManagerTest" time="0.752" tests="1" errors="0" skipped="0" failures="0">
=======
<testsuite xmlns:xsi="http://www.w3.org/2001/XMLSchema-instance" xsi:noNamespaceSchemaLocation="https://maven.apache.org/surefire/maven-surefire-plugin/xsd/surefire-test-report.xsd" name="org.powertac.samplebroker.PortfolioManagerTest" time="0.123" tests="1" errors="0" skipped="0" failures="0">
>>>>>>> refs/remotes/origin/DiCaprissone
  <properties>
    <property name="sun.desktop" value="gnome"/>
    <property name="awt.toolkit" value="sun.awt.X11.XToolkit"/>
    <property name="java.specification.version" value="11"/>
    <property name="sun.cpu.isalist" value=""/>
    <property name="sun.jnu.encoding" value="UTF-8"/>
    <property name="java.class.path" value="/home/suspect/.m2/repository/org/apache/maven/surefire/surefire-booter/2.22.2/surefire-booter-2.22.2.jar:/home/suspect/.m2/repository/org/apache/maven/surefire/surefire-api/2.22.2/surefire-api-2.22.2.jar:/home/suspect/.m2/repository/org/apache/maven/surefire/surefire-logger-api/2.22.2/surefire-logger-api-2.22.2.jar:/home/suspect/Desktop/feup-tne-PowerTAC/DiCaprio/target/test-classes:/home/suspect/Desktop/feup-tne-PowerTAC/DiCaprio/target/classes:/home/suspect/.m2/repository/org/powertac/broker-core/1.7.0/broker-core-1.7.0.jar:/home/suspect/.m2/repository/org/powertac/common/1.7.0/common-1.7.0.jar:/home/suspect/.m2/repository/org/powertac/powertac-metadata/1.7.0/powertac-metadata-1.7.0.jar:/home/suspect/.m2/repository/org/powertac/powertac-aop/1.7.0/powertac-aop-1.7.0.jar:/home/suspect/.m2/repository/org/aspectj/aspectjrt/1.9.4/aspectjrt-1.9.4.jar:/home/suspect/.m2/repository/commons-beanutils/commons-beanutils/1.9.4/commons-beanutils-1.9.4.jar:/home/suspect/.m2/repository/commons-collections/commons-collections/3.2.2/commons-collections-3.2.2.jar:/home/suspect/.m2/repository/org/springframework/spring-core/5.1.9.RELEASE/spring-core-5.1.9.RELEASE.jar:/home/suspect/.m2/repository/org/springframework/spring-jcl/5.1.9.RELEASE/spring-jcl-5.1.9.RELEASE.jar:/home/suspect/.m2/repository/org/springframework/spring-context/5.1.9.RELEASE/spring-context-5.1.9.RELEASE.jar:/home/suspect/.m2/repository/org/springframework/spring-expression/5.1.9.RELEASE/spring-expression-5.1.9.RELEASE.jar:/home/suspect/.m2/repository/org/springframework/spring-aop/5.1.9.RELEASE/spring-aop-5.1.9.RELEASE.jar:/home/suspect/.m2/repository/org/springframework/spring-beans/5.1.9.RELEASE/spring-beans-5.1.9.RELEASE.jar:/home/suspect/.m2/repository/org/springframework/spring-test/5.1.9.RELEASE/spring-test-5.1.9.RELEASE.jar:/home/suspect/.m2/repository/javax/annotation/javax.annotation-api/1.3.2/javax.annotation-api-1.3.2.jar:/home/suspect/.m2/repository/org/apache/logging/log4j/log4j-api/2.12.1/log4j-api-2.12.1.jar:/home/suspect/.m2/repository/org/apache/logging/log4j/log4j-core/2.12.1/log4j-core-2.12.1.jar:/home/suspect/.m2/repository/org/apache/logging/log4j/log4j-jcl/2.12.1/log4j-jcl-2.12.1.jar:/home/suspect/.m2/repository/commons-logging/commons-logging/1.2/commons-logging-1.2.jar:/home/suspect/.m2/repository/org/apache/logging/log4j/log4j-slf4j-impl/2.12.1/log4j-slf4j-impl-2.12.1.jar:/home/suspect/.m2/repository/org/slf4j/slf4j-api/1.7.28/slf4j-api-1.7.28.jar:/home/suspect/.m2/repository/javax/jms/javax.jms-api/2.0.1/javax.jms-api-2.0.1.jar:/home/suspect/.m2/repository/joda-time/joda-time/2.10.3/joda-time-2.10.3.jar:/home/suspect/.m2/repository/com/thoughtworks/xstream/xstream/1.4.11.1/xstream-1.4.11.1.jar:/home/suspect/.m2/repository/xmlpull/xmlpull/1.1.3.1/xmlpull-1.1.3.1.jar:/home/suspect/.m2/repository/xpp3/xpp3_min/1.1.4c/xpp3_min-1.1.4c.jar:/home/suspect/.m2/repository/org/apache/commons/commons-configuration2/2.5/commons-configuration2-2.5.jar:/home/suspect/.m2/repository/org/apache/commons/commons-text/1.6/commons-text-1.6.jar:/home/suspect/.m2/repository/org/apache/commons/commons-lang3/3.9/commons-lang3-3.9.jar:/home/suspect/.m2/repository/org/springframework/spring-jms/5.1.9.RELEASE/spring-jms-5.1.9.RELEASE.jar:/home/suspect/.m2/repository/org/springframework/spring-messaging/5.1.9.RELEASE/spring-messaging-5.1.9.RELEASE.jar:/home/suspect/.m2/repository/org/springframework/spring-tx/5.1.9.RELEASE/spring-tx-5.1.9.RELEASE.jar:/home/suspect/.m2/repository/org/apache/activemq/activemq-broker/5.15.11/activemq-broker-5.15.11.jar:/home/suspect/.m2/repository/org/apache/activemq/activemq-client/5.15.11/activemq-client-5.15.11.jar:/home/suspect/.m2/repository/org/apache/geronimo/specs/geronimo-jms_1.1_spec/1.1.1/geronimo-jms_1.1_spec-1.1.1.jar:/home/suspect/.m2/repository/org/fusesource/hawtbuf/hawtbuf/1.11/hawtbuf-1.11.jar:/home/suspect/.m2/repository/org/apache/geronimo/specs/geronimo-j2ee-management_1.1_spec/1.0.1/geronimo-j2ee-management_1.1_spec-1.0.1.jar:/home/suspect/.m2/repository/org/apache/activemq/activemq-openwire-legacy/5.15.11/activemq-openwire-legacy-5.15.11.jar:/home/suspect/.m2/repository/com/google/guava/guava/28.0-jre/guava-28.0-jre.jar:/home/suspect/.m2/repository/com/google/guava/failureaccess/1.0.1/failureaccess-1.0.1.jar:/home/suspect/.m2/repository/com/google/guava/listenablefuture/9999.0-empty-to-avoid-conflict-with-guava/listenablefuture-9999.0-empty-to-avoid-conflict-with-guava.jar:/home/suspect/.m2/repository/com/google/code/findbugs/jsr305/3.0.2/jsr305-3.0.2.jar:/home/suspect/.m2/repository/org/checkerframework/checker-qual/2.8.1/checker-qual-2.8.1.jar:/home/suspect/.m2/repository/com/google/errorprone/error_prone_annotations/2.3.2/error_prone_annotations-2.3.2.jar:/home/suspect/.m2/repository/com/google/j2objc/j2objc-annotations/1.3/j2objc-annotations-1.3.jar:/home/suspect/.m2/repository/org/codehaus/mojo/animal-sniffer-annotations/1.17/animal-sniffer-annotations-1.17.jar:/home/suspect/.m2/repository/com/fasterxml/jackson/core/jackson-databind/2.9.10.1/jackson-databind-2.9.10.1.jar:/home/suspect/.m2/repository/com/fasterxml/jackson/core/jackson-annotations/2.9.10/jackson-annotations-2.9.10.jar:/home/suspect/.m2/repository/com/fasterxml/jackson/core/jackson-core/2.9.10/jackson-core-2.9.10.jar:/home/suspect/.m2/repository/org/apache/activemq/activemq-pool/5.15.11/activemq-pool-5.15.11.jar:/home/suspect/.m2/repository/org/apache/activemq/activemq-jms-pool/5.15.11/activemq-jms-pool-5.15.11.jar:/home/suspect/.m2/repository/org/apache/geronimo/specs/geronimo-jta_1.1_spec/1.1.1/geronimo-jta_1.1_spec-1.1.1.jar:/home/suspect/.m2/repository/org/apache/commons/commons-pool2/2.7.0/commons-pool2-2.7.0.jar:/home/suspect/.m2/repository/net/sf/jopt-simple/jopt-simple/5.0.4/jopt-simple-5.0.4.jar:/home/suspect/.m2/repository/org/junit/jupiter/junit-jupiter/5.5.1/junit-jupiter-5.5.1.jar:/home/suspect/.m2/repository/org/junit/jupiter/junit-jupiter-api/5.5.1/junit-jupiter-api-5.5.1.jar:/home/suspect/.m2/repository/org/apiguardian/apiguardian-api/1.1.0/apiguardian-api-1.1.0.jar:/home/suspect/.m2/repository/org/opentest4j/opentest4j/1.2.0/opentest4j-1.2.0.jar:/home/suspect/.m2/repository/org/junit/platform/junit-platform-commons/1.5.1/junit-platform-commons-1.5.1.jar:/home/suspect/.m2/repository/org/junit/jupiter/junit-jupiter-params/5.5.1/junit-jupiter-params-5.5.1.jar:/home/suspect/.m2/repository/org/junit/jupiter/junit-jupiter-engine/5.5.1/junit-jupiter-engine-5.5.1.jar:/home/suspect/.m2/repository/org/junit/platform/junit-platform-engine/1.5.1/junit-platform-engine-1.5.1.jar:/home/suspect/.m2/repository/org/mockito/mockito-core/2.23.4/mockito-core-2.23.4.jar:/home/suspect/.m2/repository/net/bytebuddy/byte-buddy/1.9.3/byte-buddy-1.9.3.jar:/home/suspect/.m2/repository/net/bytebuddy/byte-buddy-agent/1.9.3/byte-buddy-agent-1.9.3.jar:/home/suspect/.m2/repository/org/objenesis/objenesis/2.6/objenesis-2.6.jar:/home/suspect/.m2/repository/org/json/json/20180130/json-20180130.jar:/home/suspect/.m2/repository/com/googlecode/json-simple/json-simple/1.1/json-simple-1.1.jar:/home/suspect/.m2/repository/org/apache/maven/surefire/surefire-junit-platform/2.22.2/surefire-junit-platform-2.22.2.jar:/home/suspect/.m2/repository/org/junit/platform/junit-platform-launcher/1.3.1/junit-platform-launcher-1.3.1.jar"/>
    <property name="java.vm.vendor" value="Ubuntu"/>
    <property name="sun.arch.data.model" value="64"/>
    <property name="java.vendor.url" value="https://ubuntu.com/"/>
    <property name="user.timezone" value=""/>
    <property name="user.country.format" value="PT"/>
    <property name="java.vm.specification.version" value="11"/>
    <property name="os.name" value="Linux"/>
    <property name="sun.java.launcher" value="SUN_STANDARD"/>
    <property name="user.country" value="US"/>
    <property name="sun.boot.library.path" value="/usr/lib/jvm/java-11-openjdk-amd64/lib"/>
<<<<<<< HEAD
    <property name="sun.java.command" value="org.apache.maven.surefire.booter.ForkedBooter /home/suspect/Desktop/feup-tne-PowerTAC/DiCaprio/target/surefire 2021-04-19T19-03-03_173-jvmRun1 surefire16379969646099111106tmp surefire_013204702652333521855tmp"/>
=======
    <property name="sun.java.command" value="org.apache.maven.surefire.booter.ForkedBooter /home/helena/Desktop/feup-tne-PowerTAC/DiCaprio/target/surefire 2021-04-23T23-42-17_132-jvmRun1 surefire13247892744161539737tmp surefire_018396585541457847911tmp"/>
>>>>>>> refs/remotes/origin/DiCaprissone
    <property name="jdk.debug" value="release"/>
    <property name="surefire.test.class.path" value="/home/suspect/Desktop/feup-tne-PowerTAC/DiCaprio/target/test-classes:/home/suspect/Desktop/feup-tne-PowerTAC/DiCaprio/target/classes:/home/suspect/.m2/repository/org/powertac/broker-core/1.7.0/broker-core-1.7.0.jar:/home/suspect/.m2/repository/org/powertac/common/1.7.0/common-1.7.0.jar:/home/suspect/.m2/repository/org/powertac/powertac-metadata/1.7.0/powertac-metadata-1.7.0.jar:/home/suspect/.m2/repository/org/powertac/powertac-aop/1.7.0/powertac-aop-1.7.0.jar:/home/suspect/.m2/repository/org/aspectj/aspectjrt/1.9.4/aspectjrt-1.9.4.jar:/home/suspect/.m2/repository/commons-beanutils/commons-beanutils/1.9.4/commons-beanutils-1.9.4.jar:/home/suspect/.m2/repository/commons-collections/commons-collections/3.2.2/commons-collections-3.2.2.jar:/home/suspect/.m2/repository/org/springframework/spring-core/5.1.9.RELEASE/spring-core-5.1.9.RELEASE.jar:/home/suspect/.m2/repository/org/springframework/spring-jcl/5.1.9.RELEASE/spring-jcl-5.1.9.RELEASE.jar:/home/suspect/.m2/repository/org/springframework/spring-context/5.1.9.RELEASE/spring-context-5.1.9.RELEASE.jar:/home/suspect/.m2/repository/org/springframework/spring-expression/5.1.9.RELEASE/spring-expression-5.1.9.RELEASE.jar:/home/suspect/.m2/repository/org/springframework/spring-aop/5.1.9.RELEASE/spring-aop-5.1.9.RELEASE.jar:/home/suspect/.m2/repository/org/springframework/spring-beans/5.1.9.RELEASE/spring-beans-5.1.9.RELEASE.jar:/home/suspect/.m2/repository/org/springframework/spring-test/5.1.9.RELEASE/spring-test-5.1.9.RELEASE.jar:/home/suspect/.m2/repository/javax/annotation/javax.annotation-api/1.3.2/javax.annotation-api-1.3.2.jar:/home/suspect/.m2/repository/org/apache/logging/log4j/log4j-api/2.12.1/log4j-api-2.12.1.jar:/home/suspect/.m2/repository/org/apache/logging/log4j/log4j-core/2.12.1/log4j-core-2.12.1.jar:/home/suspect/.m2/repository/org/apache/logging/log4j/log4j-jcl/2.12.1/log4j-jcl-2.12.1.jar:/home/suspect/.m2/repository/commons-logging/commons-logging/1.2/commons-logging-1.2.jar:/home/suspect/.m2/repository/org/apache/logging/log4j/log4j-slf4j-impl/2.12.1/log4j-slf4j-impl-2.12.1.jar:/home/suspect/.m2/repository/org/slf4j/slf4j-api/1.7.28/slf4j-api-1.7.28.jar:/home/suspect/.m2/repository/javax/jms/javax.jms-api/2.0.1/javax.jms-api-2.0.1.jar:/home/suspect/.m2/repository/joda-time/joda-time/2.10.3/joda-time-2.10.3.jar:/home/suspect/.m2/repository/com/thoughtworks/xstream/xstream/1.4.11.1/xstream-1.4.11.1.jar:/home/suspect/.m2/repository/xmlpull/xmlpull/1.1.3.1/xmlpull-1.1.3.1.jar:/home/suspect/.m2/repository/xpp3/xpp3_min/1.1.4c/xpp3_min-1.1.4c.jar:/home/suspect/.m2/repository/org/apache/commons/commons-configuration2/2.5/commons-configuration2-2.5.jar:/home/suspect/.m2/repository/org/apache/commons/commons-text/1.6/commons-text-1.6.jar:/home/suspect/.m2/repository/org/apache/commons/commons-lang3/3.9/commons-lang3-3.9.jar:/home/suspect/.m2/repository/org/springframework/spring-jms/5.1.9.RELEASE/spring-jms-5.1.9.RELEASE.jar:/home/suspect/.m2/repository/org/springframework/spring-messaging/5.1.9.RELEASE/spring-messaging-5.1.9.RELEASE.jar:/home/suspect/.m2/repository/org/springframework/spring-tx/5.1.9.RELEASE/spring-tx-5.1.9.RELEASE.jar:/home/suspect/.m2/repository/org/apache/activemq/activemq-broker/5.15.11/activemq-broker-5.15.11.jar:/home/suspect/.m2/repository/org/apache/activemq/activemq-client/5.15.11/activemq-client-5.15.11.jar:/home/suspect/.m2/repository/org/apache/geronimo/specs/geronimo-jms_1.1_spec/1.1.1/geronimo-jms_1.1_spec-1.1.1.jar:/home/suspect/.m2/repository/org/fusesource/hawtbuf/hawtbuf/1.11/hawtbuf-1.11.jar:/home/suspect/.m2/repository/org/apache/geronimo/specs/geronimo-j2ee-management_1.1_spec/1.0.1/geronimo-j2ee-management_1.1_spec-1.0.1.jar:/home/suspect/.m2/repository/org/apache/activemq/activemq-openwire-legacy/5.15.11/activemq-openwire-legacy-5.15.11.jar:/home/suspect/.m2/repository/com/google/guava/guava/28.0-jre/guava-28.0-jre.jar:/home/suspect/.m2/repository/com/google/guava/failureaccess/1.0.1/failureaccess-1.0.1.jar:/home/suspect/.m2/repository/com/google/guava/listenablefuture/9999.0-empty-to-avoid-conflict-with-guava/listenablefuture-9999.0-empty-to-avoid-conflict-with-guava.jar:/home/suspect/.m2/repository/com/google/code/findbugs/jsr305/3.0.2/jsr305-3.0.2.jar:/home/suspect/.m2/repository/org/checkerframework/checker-qual/2.8.1/checker-qual-2.8.1.jar:/home/suspect/.m2/repository/com/google/errorprone/error_prone_annotations/2.3.2/error_prone_annotations-2.3.2.jar:/home/suspect/.m2/repository/com/google/j2objc/j2objc-annotations/1.3/j2objc-annotations-1.3.jar:/home/suspect/.m2/repository/org/codehaus/mojo/animal-sniffer-annotations/1.17/animal-sniffer-annotations-1.17.jar:/home/suspect/.m2/repository/com/fasterxml/jackson/core/jackson-databind/2.9.10.1/jackson-databind-2.9.10.1.jar:/home/suspect/.m2/repository/com/fasterxml/jackson/core/jackson-annotations/2.9.10/jackson-annotations-2.9.10.jar:/home/suspect/.m2/repository/com/fasterxml/jackson/core/jackson-core/2.9.10/jackson-core-2.9.10.jar:/home/suspect/.m2/repository/org/apache/activemq/activemq-pool/5.15.11/activemq-pool-5.15.11.jar:/home/suspect/.m2/repository/org/apache/activemq/activemq-jms-pool/5.15.11/activemq-jms-pool-5.15.11.jar:/home/suspect/.m2/repository/org/apache/geronimo/specs/geronimo-jta_1.1_spec/1.1.1/geronimo-jta_1.1_spec-1.1.1.jar:/home/suspect/.m2/repository/org/apache/commons/commons-pool2/2.7.0/commons-pool2-2.7.0.jar:/home/suspect/.m2/repository/net/sf/jopt-simple/jopt-simple/5.0.4/jopt-simple-5.0.4.jar:/home/suspect/.m2/repository/org/junit/jupiter/junit-jupiter/5.5.1/junit-jupiter-5.5.1.jar:/home/suspect/.m2/repository/org/junit/jupiter/junit-jupiter-api/5.5.1/junit-jupiter-api-5.5.1.jar:/home/suspect/.m2/repository/org/apiguardian/apiguardian-api/1.1.0/apiguardian-api-1.1.0.jar:/home/suspect/.m2/repository/org/opentest4j/opentest4j/1.2.0/opentest4j-1.2.0.jar:/home/suspect/.m2/repository/org/junit/platform/junit-platform-commons/1.5.1/junit-platform-commons-1.5.1.jar:/home/suspect/.m2/repository/org/junit/jupiter/junit-jupiter-params/5.5.1/junit-jupiter-params-5.5.1.jar:/home/suspect/.m2/repository/org/junit/jupiter/junit-jupiter-engine/5.5.1/junit-jupiter-engine-5.5.1.jar:/home/suspect/.m2/repository/org/junit/platform/junit-platform-engine/1.5.1/junit-platform-engine-1.5.1.jar:/home/suspect/.m2/repository/org/mockito/mockito-core/2.23.4/mockito-core-2.23.4.jar:/home/suspect/.m2/repository/net/bytebuddy/byte-buddy/1.9.3/byte-buddy-1.9.3.jar:/home/suspect/.m2/repository/net/bytebuddy/byte-buddy-agent/1.9.3/byte-buddy-agent-1.9.3.jar:/home/suspect/.m2/repository/org/objenesis/objenesis/2.6/objenesis-2.6.jar:/home/suspect/.m2/repository/org/json/json/20180130/json-20180130.jar:/home/suspect/.m2/repository/com/googlecode/json-simple/json-simple/1.1/json-simple-1.1.jar:"/>
    <property name="sun.cpu.endian" value="little"/>
    <property name="user.home" value="/home/suspect"/>
    <property name="user.language" value="en"/>
    <property name="java.specification.vendor" value="Oracle Corporation"/>
    <property name="java.version.date" value="2021-01-19"/>
    <property name="java.home" value="/usr/lib/jvm/java-11-openjdk-amd64"/>
    <property name="file.separator" value="/"/>
    <property name="basedir" value="/home/suspect/Desktop/feup-tne-PowerTAC/DiCaprio"/>
    <property name="java.vm.compressedOopsMode" value="32-bit"/>
    <property name="line.separator" value="&#10;"/>
    <property name="java.specification.name" value="Java Platform API Specification"/>
    <property name="java.vm.specification.vendor" value="Oracle Corporation"/>
    <property name="java.awt.graphicsenv" value="sun.awt.X11GraphicsEnvironment"/>
    <property name="sun.management.compiler" value="HotSpot 64-Bit Tiered Compilers"/>
    <property name="java.runtime.version" value="11.0.10+9-Ubuntu-0ubuntu1.20.04"/>
    <property name="user.name" value="suspect"/>
    <property name="path.separator" value=":"/>
<<<<<<< HEAD
    <property name="os.version" value="5.4.0-70-generic"/>
=======
    <property name="os.version" value="5.8.0-50-generic"/>
>>>>>>> refs/remotes/origin/DiCaprissone
    <property name="java.runtime.name" value="OpenJDK Runtime Environment"/>
    <property name="file.encoding" value="UTF-8"/>
    <property name="java.vm.name" value="OpenJDK 64-Bit Server VM"/>
    <property name="localRepository" value="/home/suspect/.m2/repository"/>
    <property name="java.vendor.url.bug" value="https://bugs.launchpad.net/ubuntu/+source/openjdk-lts"/>
    <property name="java.io.tmpdir" value="/tmp"/>
    <property name="java.version" value="11.0.10"/>
    <property name="user.dir" value="/home/suspect/Desktop/feup-tne-PowerTAC/DiCaprio"/>
    <property name="os.arch" value="amd64"/>
    <property name="java.vm.specification.name" value="Java Virtual Machine Specification"/>
    <property name="java.awt.printerjob" value="sun.print.PSPrinterJob"/>
    <property name="user.language.format" value="pt"/>
    <property name="sun.os.patch.level" value="unknown"/>
    <property name="java.library.path" value="/usr/java/packages/lib:/usr/lib/x86_64-linux-gnu/jni:/lib/x86_64-linux-gnu:/usr/lib/x86_64-linux-gnu:/usr/lib/jni:/lib:/usr/lib"/>
    <property name="java.vm.info" value="mixed mode, sharing"/>
    <property name="java.vendor" value="Ubuntu"/>
    <property name="java.vm.version" value="11.0.10+9-Ubuntu-0ubuntu1.20.04"/>
    <property name="sun.io.unicode.encoding" value="UnicodeLittle"/>
    <property name="java.class.version" value="55.0"/>
  </properties>
<<<<<<< HEAD
  <testcase name="testCustomerBootstrap" classname="org.powertac.samplebroker.PortfolioManagerTest" time="0.747"/>
=======
  <testcase name="testCustomerBootstrap" classname="org.powertac.samplebroker.PortfolioManagerTest" time="0.122"/>
>>>>>>> refs/remotes/origin/DiCaprissone
</testsuite>